
****** PlanAhead v14.7 (64-bit)
  **** Build 321239 by xbuild on Fri Sep 27 19:24:36 MDT 2013
    ** Copyright 1986-1999, 2001-2013 Xilinx, Inc. All Rights Reserved.

INFO: [Common 17-78] Attempting to get a license: PlanAhead
INFO: [Common 17-290] Got license for PlanAhead
INFO: [Device 21-36] Loading parts and site information from /opt/Xilinx/14.7/ISE_DS/PlanAhead/data/parts/arch.xml
Parsing RTL primitives file [/opt/Xilinx/14.7/ISE_DS/PlanAhead/data/parts/xilinx/rtl/prims/rtl_prims.xml]
Finished parsing RTL primitives file [/opt/Xilinx/14.7/ISE_DS/PlanAhead/data/parts/xilinx/rtl/prims/rtl_prims.xml]
start_gui
source /users/btech/rajkush/Desktop/CS220Labs/LAB4_2/Seven_bit_adder_subtractor/pa.fromHdl.tcl
# create_project -name Seven_bit_adder_subtractor -dir "/users/btech/rajkush/Desktop/CS220Labs/LAB4_2/Seven_bit_adder_subtractor/planAhead_run_1" -part xc3s500efg320-4
create_project: Time (s): cpu = 00:00:08 ; elapsed = 00:00:05 . Memory (MB): peak = 2731.770 ; gain = 63.230
# set_param project.pinAheadLayout yes
# set srcset [get_property srcset [current_run -impl]]
# set_property target_constrs_file "Seven_bit_adder_subtractor.ucf" [current_fileset -constrset]
Adding file '/users/btech/rajkush/Desktop/CS220Labs/LAB4_2/Seven_bit_adder_subtractor/Seven_bit_adder_subtractor.ucf' to fileset 'constrs_1'
# set hdlfile [add_files [list {Seven_bit_adder_subtractor.v}]]
# set_property file_type Verilog $hdlfile
# set_property library work $hdlfile
# set_property top Seven_bit_adder_subtractor $srcset
# add_files [list {Seven_bit_adder_subtractor.ucf}] -fileset [get_property constrset [current_run]]
# open_rtl_design -part xc3s500efg320-4
Using Verific elaboration
Parsing VHDL file "/opt/Xilinx/14.7/ISE_DS/PlanAhead/data/parts/xilinx/rtl/lib/synplify/synattr.vhd" into library synplify
Analyzing Verilog file "/users/btech/rajkush/Desktop/CS220Labs/LAB4_2/Seven_bit_adder_subtractor/Seven_bit_adder_subtractor.v" into library work
INFO: [Designutils 20-910] Reading macro library /opt/Xilinx/14.7/ISE_DS/PlanAhead/data/./parts/xilinx/spartan3e/spartan3e/hd_int_macros.edn
Parsing EDIF File [/opt/Xilinx/14.7/ISE_DS/PlanAhead/data/./parts/xilinx/spartan3e/spartan3e/hd_int_macros.edn]
Finished Parsing EDIF File [/opt/Xilinx/14.7/ISE_DS/PlanAhead/data/./parts/xilinx/spartan3e/spartan3e/hd_int_macros.edn]
Loading clock regions from /opt/Xilinx/14.7/ISE_DS/PlanAhead/data/parts/xilinx/spartan3e/spartan3e/xc3s500e/ClockRegion.xml
Loading clock buffers from /opt/Xilinx/14.7/ISE_DS/PlanAhead/data/parts/xilinx/spartan3e/spartan3e/xc3s500e/ClockBuffers.xml
Loading package from /opt/Xilinx/14.7/ISE_DS/PlanAhead/data/parts/xilinx/spartan3e/spartan3e/xc3s500e/fg320/Package.xml
Loading io standards from /opt/Xilinx/14.7/ISE_DS/PlanAhead/data/./parts/xilinx/spartan3e/IOStandards.xml
INFO: [Device 21-19] Loading pkg sso from /opt/Xilinx/14.7/ISE_DS/PlanAhead/data/parts/xilinx/spartan3e/spartan3e/xc3s500e/fg320/SSORules.xml
Loading list of drcs for the architecture : /opt/Xilinx/14.7/ISE_DS/PlanAhead/data/./parts/xilinx/spartan3e/spartan3e/drc.xml
INFO: [Timing 38-77] Reading timing library /opt/Xilinx/14.7/ISE_DS/PlanAhead/data/parts/xilinx/spartan3e/spartan3e/spartan3e-4.lib.
INFO: [Timing 38-34] Done reading timing library /opt/Xilinx/14.7/ISE_DS/PlanAhead/data/parts/xilinx/spartan3e/spartan3e/spartan3e-4.lib.
Parsing UCF File [/users/btech/rajkush/Desktop/CS220Labs/LAB4_2/Seven_bit_adder_subtractor/Seven_bit_adder_subtractor.ucf]
Finished Parsing UCF File [/users/btech/rajkush/Desktop/CS220Labs/LAB4_2/Seven_bit_adder_subtractor/Seven_bit_adder_subtractor.ucf]
INFO: [Project 1-111] Unisim Transformation Summary:
No Unisim elements were transformed.

Phase 0 | Netlist Checksum: 822b1697
open_rtl_design: Time (s): cpu = 00:00:18 ; elapsed = 00:00:08 . Memory (MB): peak = 2841.832 ; gain = 110.062
update_compile_order -fileset sim_1
startgroup
set_property package_pin L13 [get_ports {Y[0]}]
endgroup
startgroup
set_property package_pin L14 [get_ports {Y[1]}]
endgroup
startgroup
set_property package_pin H18 [get_ports {Y[2]}]
endgroup
startgroup
set_property package_pin N17 [get_ports {Y[3]}]
endgroup
set_property iostandard LVTTL [get_ports [list {Y[3]} {Y[2]} {Y[1]} {Y[0]}]]
set_property pulltype PULLUP [get_ports [list {Y[3]} {Y[2]} {Y[1]} {Y[0]}]]
set_property iostandard LVTTL [get_ports [list {Z[6]} {Z[5]} {Z[4]} {Z[3]} {Z[2]} {Z[1]} {Z[0]}]]
set_property package_pin "" [get_ports [list  {Z[5]}]]
startgroup
set_property package_pin F12 [get_ports {Z[0]}]
endgroup
startgroup
set_property package_pin E12 [get_ports {Z[1]}]
endgroup
startgroup
set_property package_pin E11 [get_ports {Z[2]}]
endgroup
startgroup
set_property package_pin F11 [get_ports {Z[3]}]
endgroup
startgroup
set_property package_pin C11 [get_ports {Z[4]}]
endgroup
startgroup
set_property package_pin D11 [get_ports {Z[5]}]
endgroup
startgroup
set_property package_pin E9 [get_ports {Z[6]}]
endgroup
set_property drive 8 [get_ports [list {Z[6]} {Z[5]} {Z[4]} {Z[3]} {Z[2]} {Z[1]} {Z[0]}]]
startgroup
set_property package_pin K18 [get_ports ROT_A]
endgroup
startgroup
set_property package_pin G18 [get_ports ROT_B]
endgroup
set_property iostandard LVTTL [get_ports [list ROT_A]]
set_property iostandard LVTTL [get_ports [list ROT_B]]
set_property pulltype PULLUP [get_ports [list ROT_A]]
set_property pulltype PULLUP [get_ports [list ROT_B]]
startgroup
set_property package_pin F9 [get_ports obit]
endgroup
set_property package_pin "" [get_ports [list  clk]]
set_property iostandard LVTTL [get_ports [list obit]]
set_property drive 8 [get_ports [list obit]]
startgroup
set_property package_pin C9 [get_ports clk]
endgroup
set_property iostandard LVCMOS33 [get_ports [list clk]]
save_constraints
exit
ERROR: [Common 17-39] 'stop_gui' failed due to earlier errors.
INFO: [Common 17-206] Exiting PlanAhead at Wed Mar  7 15:38:42 2018...
INFO: [Common 17-83] Releasing license: PlanAhead
