Release 14.7 - xst P.20131013 (lin64)
Copyright (c) 1995-2013 Xilinx, Inc.  All rights reserved.
--> 
Parameter TMPDIR set to xst/projnav.tmp


Total REAL time to Xst completion: 0.00 secs
Total CPU time to Xst completion: 0.19 secs
 
--> 
Parameter xsthdpdir set to xst


Total REAL time to Xst completion: 0.00 secs
Total CPU time to Xst completion: 0.20 secs
 
--> 
Reading design: LCD_top.prj

TABLE OF CONTENTS
  1) Synthesis Options Summary
  2) HDL Compilation
  3) Design Hierarchy Analysis
  4) HDL Analysis
  5) HDL Synthesis
     5.1) HDL Synthesis Report
  6) Advanced HDL Synthesis
     6.1) Advanced HDL Synthesis Report
  7) Low Level Synthesis
  8) Partition Report
  9) Final Report
	9.1) Device utilization summary
	9.2) Partition Resource Summary
	9.3) TIMING REPORT


=========================================================================
*                      Synthesis Options Summary                        *
=========================================================================
---- Source Parameters
Input File Name                    : "LCD_top.prj"
Input Format                       : mixed
Ignore Synthesis Constraint File   : NO

---- Target Parameters
Output File Name                   : "LCD_top"
Output Format                      : NGC
Target Device                      : xc3s500e-4-fg320

---- Source Options
Top Module Name                    : LCD_top
Automatic FSM Extraction           : YES
FSM Encoding Algorithm             : Auto
Safe Implementation                : No
FSM Style                          : LUT
RAM Extraction                     : Yes
RAM Style                          : Auto
ROM Extraction                     : Yes
Mux Style                          : Auto
Decoder Extraction                 : YES
Priority Encoder Extraction        : Yes
Shift Register Extraction          : YES
Logical Shifter Extraction         : YES
XOR Collapsing                     : YES
ROM Style                          : Auto
Mux Extraction                     : Yes
Resource Sharing                   : YES
Asynchronous To Synchronous        : NO
Multiplier Style                   : Auto
Automatic Register Balancing       : No

---- Target Options
Add IO Buffers                     : YES
Global Maximum Fanout              : 100000
Add Generic Clock Buffer(BUFG)     : 24
Register Duplication               : YES
Slice Packing                      : YES
Optimize Instantiated Primitives   : NO
Use Clock Enable                   : Yes
Use Synchronous Set                : Yes
Use Synchronous Reset              : Yes
Pack IO Registers into IOBs        : Auto
Equivalent register Removal        : YES

---- General Options
Optimization Goal                  : Speed
Optimization Effort                : 1
Keep Hierarchy                     : No
Netlist Hierarchy                  : As_Optimized
RTL Output                         : Yes
Global Optimization                : AllClockNets
Read Cores                         : YES
Write Timing Constraints           : NO
Cross Clock Analysis               : NO
Hierarchy Separator                : /
Bus Delimiter                      : <>
Case Specifier                     : Maintain
Slice Utilization Ratio            : 100
BRAM Utilization Ratio             : 100
Verilog 2001                       : YES
Auto BRAM Packing                  : NO
Slice Utilization Ratio Delta      : 5

=========================================================================


=========================================================================
*                          HDL Compilation                              *
=========================================================================
Compiling verilog file "lcd_driver.v" in library work
Module <LCD_top> compiled
Module <lcd_driver> compiled
Module <LCD_base_driver> compiled
No errors in compilation
Analysis of file <"LCD_top.prj"> succeeded.
 

=========================================================================
*                     Design Hierarchy Analysis                         *
=========================================================================
Analyzing hierarchy for module <LCD_top> in library <work>.

Analyzing hierarchy for module <lcd_driver> in library <work>.

Analyzing hierarchy for module <LCD_base_driver> in library <work>.


=========================================================================
*                            HDL Analysis                               *
=========================================================================
Analyzing top module <LCD_top>.
Module <LCD_top> is correct for synthesis.
 
Analyzing module <lcd_driver> in library <work>.
Module <lcd_driver> is correct for synthesis.
 
Analyzing module <LCD_base_driver> in library <work>.
Module <LCD_base_driver> is correct for synthesis.
 

=========================================================================
*                           HDL Synthesis                               *
=========================================================================

Performing bidirectional port resolution...

Synthesizing Unit <LCD_base_driver>.
    Related source file is "lcd_driver.v".
    Found 4x1-bit ROM for signal <LCD_Er>.
    Found 1-bit 4-to-1 multiplexer for signal <LCD_RSr>.
    Summary:
	inferred   1 ROM(s).
	inferred   1 Multiplexer(s).
Unit <LCD_base_driver> synthesized.


Synthesizing Unit <lcd_driver>.
    Related source file is "lcd_driver.v".
WARNING:Xst:646 - Signal <config_data> is assigned but never used. This unconnected signal will be trimmed during the optimization process.
    Found 320x1-bit ROM for signal <$varindex0000> created at line 102.
    Found 320x1-bit ROM for signal <$varindex0001> created at line 103.
    Found 320x1-bit ROM for signal <$varindex0002> created at line 104.
    Found 320x1-bit ROM for signal <$varindex0003> created at line 105.
    Found 23-bit up counter for signal <addr_q>.
    Found 2-bit up counter for signal <counter_q>.
    Found 4-bit register for signal <data_out>.
    Found 9-bit adder for signal <l1index>.
    Found 7-bit comparator less for signal <operation$cmp_lt0000> created at line 64.
    Found 7-bit comparator less for signal <process>.
    Found 9-bit adder for signal <r1index>.
    Found 9-bit adder for signal <rindex>.
    Found 1-bit register for signal <RS_Signal>.
    Found 7-bit adder for signal <state_d$addsub0000> created at line 84.
    Found 7-bit register for signal <state_q>.
    Summary:
	inferred   4 ROM(s).
	inferred   2 Counter(s).
	inferred  12 D-type flip-flop(s).
	inferred   4 Adder/Subtractor(s).
	inferred   2 Comparator(s).
Unit <lcd_driver> synthesized.


Synthesizing Unit <LCD_top>.
    Related source file is "lcd_driver.v".
WARNING:Xst:1780 - Signal <LINE2> is never used or assigned. This unconnected signal will be trimmed during the optimization process.
WARNING:Xst:1780 - Signal <LINE1> is never used or assigned. This unconnected signal will be trimmed during the optimization process.
Unit <LCD_top> synthesized.


=========================================================================
HDL Synthesis Report

Macro Statistics
# ROMs                                                 : 5
 320x1-bit ROM                                         : 4
 4x1-bit ROM                                           : 1
# Adders/Subtractors                                   : 4
 7-bit adder                                           : 1
 9-bit adder                                           : 3
# Counters                                             : 2
 2-bit up counter                                      : 1
 23-bit up counter                                     : 1
# Registers                                            : 6
 1-bit register                                        : 5
 7-bit register                                        : 1
# Comparators                                          : 2
 7-bit comparator less                                 : 2
# Multiplexers                                         : 1
 1-bit 4-to-1 multiplexer                              : 1

=========================================================================

=========================================================================
*                       Advanced HDL Synthesis                          *
=========================================================================


Synthesizing (advanced) Unit <lcd_driver>.
INFO:Xst:3034 - In order to maximize performance and save block RAM resources, the small ROM <Mrom__varindex0000> will be implemented on LUT. If you want to force its implementation on block, use option/constraint rom_style.
INFO:Xst:3034 - In order to maximize performance and save block RAM resources, the small ROM <Mrom__varindex0002> will be implemented on LUT. If you want to force its implementation on block, use option/constraint rom_style.
INFO:Xst:3034 - In order to maximize performance and save block RAM resources, the small ROM <Mrom__varindex0003> will be implemented on LUT. If you want to force its implementation on block, use option/constraint rom_style.
INFO:Xst:3034 - In order to maximize performance and save block RAM resources, the small ROM <Mrom__varindex0001> will be implemented on LUT. If you want to force its implementation on block, use option/constraint rom_style.
Unit <lcd_driver> synthesized (advanced).

=========================================================================
Advanced HDL Synthesis Report

Macro Statistics
# ROMs                                                 : 5
 320x1-bit ROM                                         : 4
 4x1-bit ROM                                           : 1
# Adders/Subtractors                                   : 4
 7-bit adder                                           : 1
 9-bit adder                                           : 3
# Counters                                             : 2
 2-bit up counter                                      : 1
 23-bit up counter                                     : 1
# Registers                                            : 12
 Flip-Flops                                            : 12
# Comparators                                          : 2
 7-bit comparator less                                 : 2

=========================================================================

=========================================================================
*                         Low Level Synthesis                           *
=========================================================================

Optimizing unit <LCD_top> ...

Optimizing unit <lcd_driver> ...

Mapping all equations...
Building and optimizing final netlist ...
Found area constraint ratio of 100 (+ 5) on block LCD_top, actual ratio is 1.
FlipFlop driverm/state_q_0 has been replicated 1 time(s)
FlipFlop driverm/state_q_1 has been replicated 2 time(s)
FlipFlop driverm/state_q_2 has been replicated 2 time(s)
FlipFlop driverm/state_q_4 has been replicated 1 time(s)

Final Macro Processing ...

=========================================================================
Final Register Report

Macro Statistics
# Registers                                            : 43
 Flip-Flops                                            : 43

=========================================================================

=========================================================================
*                           Partition Report                            *
=========================================================================

Partition Implementation Status
-------------------------------

  No Partitions were found in this design.

-------------------------------

=========================================================================
*                            Final Report                               *
=========================================================================
Final Results
RTL Top Level Output File Name     : LCD_top.ngr
Top Level Output File Name         : LCD_top
Output Format                      : NGC
Optimization Goal                  : Speed
Keep Hierarchy                     : No

Design Statistics
# IOs                              : 8

Cell Usage :
# BELS                             : 160
#      GND                         : 1
#      INV                         : 2
#      LUT1                        : 22
#      LUT2                        : 4
#      LUT3                        : 33
#      LUT3_L                      : 3
#      LUT4                        : 22
#      LUT4_D                      : 1
#      LUT4_L                      : 1
#      MUXCY                       : 28
#      MUXF5                       : 15
#      MUXF6                       : 4
#      VCC                         : 1
#      XORCY                       : 23
# FlipFlops/Latches                : 43
#      FDE                         : 15
#      FDR                         : 27
#      FDS                         : 1
# Clock Buffers                    : 1
#      BUFGP                       : 1
# IO Buffers                       : 7
#      OBUF                        : 7
=========================================================================

Device utilization summary:
---------------------------

Selected Device : 3s500efg320-4 

 Number of Slices:                       50  out of   4656     1%  
 Number of Slice Flip Flops:             43  out of   9312     0%  
 Number of 4 input LUTs:                 88  out of   9312     0%  
 Number of IOs:                           8
 Number of bonded IOBs:                   8  out of    232     3%  
 Number of GCLKs:                         1  out of     24     4%  

---------------------------
Partition Resource Summary:
---------------------------

  No Partitions were found in this design.

---------------------------


=========================================================================
TIMING REPORT

NOTE: THESE TIMING NUMBERS ARE ONLY A SYNTHESIS ESTIMATE.
      FOR ACCURATE TIMING INFORMATION PLEASE REFER TO THE TRACE REPORT
      GENERATED AFTER PLACE-and-ROUTE.

Clock Information:
------------------
-----------------------------------+------------------------+-------+
Clock Signal                       | Clock buffer(FF name)  | Load  |
-----------------------------------+------------------------+-------+
clk                                | BUFGP                  | 43    |
-----------------------------------+------------------------+-------+

Asynchronous Control Signals Information:
----------------------------------------
No asynchronous control signals found in this design

Timing Summary:
---------------
Speed Grade: -4

   Minimum period: 6.485ns (Maximum Frequency: 154.195MHz)
   Minimum input arrival time before clock: No path found
   Maximum output required time after clock: 5.795ns
   Maximum combinational path delay: No path found

Timing Detail:
--------------
All values displayed in nanoseconds (ns)

=========================================================================
Timing constraint: Default period analysis for Clock 'clk'
  Clock period: 6.485ns (frequency: 154.195MHz)
  Total number of paths / destination ports: 1453 / 82
-------------------------------------------------------------------------
Delay:               6.485ns (Levels of Logic = 8)
  Source:            driverm/addr_q_8 (FF)
  Destination:       driverm/state_q_6 (FF)
  Source Clock:      clk rising
  Destination Clock: clk rising

  Data Path: driverm/addr_q_8 to driverm/state_q_6
                                Gate     Net
    Cell:in->out      fanout   Delay   Delay  Logical Name (Net Name)
    ----------------------------------------  ------------
     FDR:C->Q              2   0.591   0.622  driverm/addr_q_8 (driverm/addr_q_8)
     LUT3:I0->O            1   0.704   0.000  driverm/rst_wg_lut<0> (driverm/rst_wg_lut<0>)
     MUXCY:S->O            1   0.464   0.000  driverm/rst_wg_cy<0> (driverm/rst_wg_cy<0>)
     MUXCY:CI->O           1   0.059   0.000  driverm/rst_wg_cy<1> (driverm/rst_wg_cy<1>)
     MUXCY:CI->O           1   0.059   0.000  driverm/rst_wg_cy<2> (driverm/rst_wg_cy<2>)
     MUXCY:CI->O           1   0.059   0.000  driverm/rst_wg_cy<3> (driverm/rst_wg_cy<3>)
     MUXCY:CI->O           1   0.059   0.000  driverm/rst_wg_cy<4> (driverm/rst_wg_cy<4>)
     MUXCY:CI->O          26   0.331   1.295  driverm/rst_wg_cy<5> (driverm/rst)
     LUT3:I2->O           13   0.704   0.983  driverm/state_q_not00011 (driverm/state_q_not0001)
     FDE:CE                    0.555          driverm/state_q_0
    ----------------------------------------
    Total                      6.485ns (3.585ns logic, 2.900ns route)
                                       (55.3% logic, 44.7% route)

=========================================================================
Timing constraint: Default OFFSET OUT AFTER for Clock 'clk'
  Total number of paths / destination ports: 9 / 6
-------------------------------------------------------------------------
Offset:              5.795ns (Levels of Logic = 2)
  Source:            driverm/counter_q_0 (FF)
  Destination:       LCD_E (PAD)
  Source Clock:      clk rising

  Data Path: driverm/counter_q_0 to LCD_E
                                Gate     Net
    Cell:in->out      fanout   Delay   Delay  Logical Name (Net Name)
    ----------------------------------------  ------------
     FDE:C->Q              5   0.591   0.808  driverm/counter_q_0 (driverm/counter_q_0)
     LUT2:I0->O            1   0.704   0.420  driverm/driver/Mrom_LCD_Er11 (LCD_E_OBUF)
     OBUF:I->O                 3.272          LCD_E_OBUF (LCD_E)
    ----------------------------------------
    Total                      5.795ns (4.567ns logic, 1.228ns route)
                                       (78.8% logic, 21.2% route)

=========================================================================


Total REAL time to Xst completion: 41.00 secs
Total CPU time to Xst completion: 35.90 secs
 
--> 


Total memory usage is 523612 kilobytes

Number of errors   :    0 (   0 filtered)
Number of warnings :    3 (   0 filtered)
Number of infos    :    4 (   0 filtered)

