Release 14.7 - xst P.20131013 (lin64)
Copyright (c) 1995-2013 Xilinx, Inc.  All rights reserved.
--> 
Parameter TMPDIR set to xst/projnav.tmp


Total REAL time to Xst completion: 0.00 secs
Total CPU time to Xst completion: 0.08 secs
 
--> 
Parameter xsthdpdir set to xst


Total REAL time to Xst completion: 0.00 secs
Total CPU time to Xst completion: 0.08 secs
 
--> 
Reading design: seven_add_sub.prj

TABLE OF CONTENTS
  1) Synthesis Options Summary
  2) HDL Compilation
  3) Design Hierarchy Analysis
  4) HDL Analysis
  5) HDL Synthesis
     5.1) HDL Synthesis Report
  6) Advanced HDL Synthesis
     6.1) Advanced HDL Synthesis Report
  7) Low Level Synthesis
  8) Partition Report
  9) Final Report
	9.1) Device utilization summary
	9.2) Partition Resource Summary
	9.3) TIMING REPORT


=========================================================================
*                      Synthesis Options Summary                        *
=========================================================================
---- Source Parameters
Input File Name                    : "seven_add_sub.prj"
Input Format                       : mixed
Ignore Synthesis Constraint File   : NO

---- Target Parameters
Output File Name                   : "seven_add_sub"
Output Format                      : NGC
Target Device                      : xc3s500e-4-fg320

---- Source Options
Top Module Name                    : seven_add_sub
Automatic FSM Extraction           : YES
FSM Encoding Algorithm             : Auto
Safe Implementation                : No
FSM Style                          : LUT
RAM Extraction                     : Yes
RAM Style                          : Auto
ROM Extraction                     : Yes
Mux Style                          : Auto
Decoder Extraction                 : YES
Priority Encoder Extraction        : Yes
Shift Register Extraction          : YES
Logical Shifter Extraction         : YES
XOR Collapsing                     : YES
ROM Style                          : Auto
Mux Extraction                     : Yes
Resource Sharing                   : YES
Asynchronous To Synchronous        : NO
Multiplier Style                   : Auto
Automatic Register Balancing       : No

---- Target Options
Add IO Buffers                     : YES
Global Maximum Fanout              : 100000
Add Generic Clock Buffer(BUFG)     : 24
Register Duplication               : YES
Slice Packing                      : YES
Optimize Instantiated Primitives   : NO
Use Clock Enable                   : Yes
Use Synchronous Set                : Yes
Use Synchronous Reset              : Yes
Pack IO Registers into IOBs        : Auto
Equivalent register Removal        : YES

---- General Options
Optimization Goal                  : Speed
Optimization Effort                : 1
Keep Hierarchy                     : No
Netlist Hierarchy                  : As_Optimized
RTL Output                         : Yes
Global Optimization                : AllClockNets
Read Cores                         : YES
Write Timing Constraints           : NO
Cross Clock Analysis               : NO
Hierarchy Separator                : /
Bus Delimiter                      : <>
Case Specifier                     : Maintain
Slice Utilization Ratio            : 100
BRAM Utilization Ratio             : 100
Verilog 2001                       : YES
Auto BRAM Packing                  : NO
Slice Utilization Ratio Delta      : 5

=========================================================================


=========================================================================
*                          HDL Compilation                              *
=========================================================================
Compiling verilog file "seven_add_sub.v" in library work
Module <adder> compiled
Module <rot_shaft_api> compiled
Module <seven_add_sub> compiled
No errors in compilation
Analysis of file <"seven_add_sub.prj"> succeeded.
 

=========================================================================
*                     Design Hierarchy Analysis                         *
=========================================================================
Analyzing hierarchy for module <seven_add_sub> in library <work>.

Analyzing hierarchy for module <rot_shaft_api> in library <work>.

Analyzing hierarchy for module <adder> in library <work>.


=========================================================================
*                            HDL Analysis                               *
=========================================================================
Analyzing top module <seven_add_sub>.
Module <seven_add_sub> is correct for synthesis.
 
Analyzing module <rot_shaft_api> in library <work>.
Module <rot_shaft_api> is correct for synthesis.
 
Analyzing module <adder> in library <work>.
Module <adder> is correct for synthesis.
 

=========================================================================
*                           HDL Synthesis                               *
=========================================================================

Performing bidirectional port resolution...

Synthesizing Unit <rot_shaft_api>.
    Related source file is "seven_add_sub.v".
    Found 1-bit register for signal <rot_event>.
    Summary:
	inferred   1 D-type flip-flop(s).
Unit <rot_shaft_api> synthesized.


Synthesizing Unit <adder>.
    Related source file is "seven_add_sub.v".
    Found 1-bit xor3 for signal <sum>.
    Found 1-bit xor2 for signal <temp>.
    Summary:
	inferred   1 Xor(s).
Unit <adder> synthesized.


Synthesizing Unit <seven_add_sub>.
    Related source file is "seven_add_sub.v".
    Found finite state machine <FSM_0> for signal <counter>.
    -----------------------------------------------------------------------
    | States             | 4                                              |
    | Transitions        | 4                                              |
    | Inputs             | 0                                              |
    | Outputs            | 4                                              |
    | Clock              | rote                      (rising_edge)        |
    | Power Up State     | 00                                             |
    | Encoding           | automatic                                      |
    | Implementation     | LUT                                            |
    -----------------------------------------------------------------------
    Found 7-bit register for signal <a>.
    Found 7-bit register for signal <b>.
    Found 1-bit xor2 for signal <o$xor0000> created at line 119.
    Found 1-bit register for signal <op>.
    Summary:
	inferred   1 Finite State Machine(s).
	inferred  15 D-type flip-flop(s).
Unit <seven_add_sub> synthesized.


=========================================================================
HDL Synthesis Report

Macro Statistics
# Registers                                            : 16
 1-bit register                                        : 16
# Xors                                                 : 15
 1-bit xor2                                            : 8
 1-bit xor3                                            : 7

=========================================================================

=========================================================================
*                       Advanced HDL Synthesis                          *
=========================================================================

Analyzing FSM <FSM_0> for best encoding.
Optimizing FSM <counter/FSM> on signal <counter[1:4]> with one-hot encoding.
-------------------
 State | Encoding
-------------------
 00    | 0001
 01    | 0010
 10    | 0100
 11    | 1000
-------------------

=========================================================================
Advanced HDL Synthesis Report

Macro Statistics
# FSMs                                                 : 1
# Registers                                            : 16
 Flip-Flops                                            : 16
# Xors                                                 : 15
 1-bit xor2                                            : 8
 1-bit xor3                                            : 7

=========================================================================

=========================================================================
*                         Low Level Synthesis                           *
=========================================================================

Optimizing unit <seven_add_sub> ...

Mapping all equations...
Building and optimizing final netlist ...
Found area constraint ratio of 100 (+ 5) on block seven_add_sub, actual ratio is 0.

Final Macro Processing ...

=========================================================================
Final Register Report

Macro Statistics
# Registers                                            : 20
 Flip-Flops                                            : 20

=========================================================================

=========================================================================
*                           Partition Report                            *
=========================================================================

Partition Implementation Status
-------------------------------

  No Partitions were found in this design.

-------------------------------

=========================================================================
*                            Final Report                               *
=========================================================================
Final Results
RTL Top Level Output File Name     : seven_add_sub.ngr
Top Level Output File Name         : seven_add_sub
Output Format                      : NGC
Optimization Goal                  : Speed
Keep Hierarchy                     : No

Design Statistics
# IOs                              : 15

Cell Usage :
# BELS                             : 17
#      LUT2                        : 3
#      LUT3                        : 1
#      LUT4                        : 12
#      VCC                         : 1
# FlipFlops/Latches                : 20
#      FD                          : 4
#      FDE                         : 15
#      FDRE                        : 1
# Clock Buffers                    : 1
#      BUFGP                       : 1
# IO Buffers                       : 14
#      IBUF                        : 6
#      OBUF                        : 8
=========================================================================

Device utilization summary:
---------------------------

Selected Device : 3s500efg320-4 

 Number of Slices:                       12  out of   4656     0%  
 Number of Slice Flip Flops:             20  out of   9312     0%  
 Number of 4 input LUTs:                 16  out of   9312     0%  
 Number of IOs:                          15
 Number of bonded IOBs:                  15  out of    232     6%  
 Number of GCLKs:                         1  out of     24     4%  

---------------------------
Partition Resource Summary:
---------------------------

  No Partitions were found in this design.

---------------------------


=========================================================================
TIMING REPORT

NOTE: THESE TIMING NUMBERS ARE ONLY A SYNTHESIS ESTIMATE.
      FOR ACCURATE TIMING INFORMATION PLEASE REFER TO THE TRACE REPORT
      GENERATED AFTER PLACE-and-ROUTE.

Clock Information:
------------------
-----------------------------------+------------------------+-------+
Clock Signal                       | Clock buffer(FF name)  | Load  |
-----------------------------------+------------------------+-------+
api/rot_event                      | NONE(a_3)              | 19    |
clk                                | BUFGP                  | 1     |
-----------------------------------+------------------------+-------+
INFO:Xst:2169 - HDL ADVISOR - Some clock signals were not automatically buffered by XST with BUFG/BUFR resources. Please use the buffer_type constraint in order to insert these buffers to the clock signals to help prevent skew problems.

Asynchronous Control Signals Information:
----------------------------------------
No asynchronous control signals found in this design

Timing Summary:
---------------
Speed Grade: -4

   Minimum period: 1.779ns (Maximum Frequency: 562.114MHz)
   Minimum input arrival time before clock: 3.875ns
   Maximum output required time after clock: 13.054ns
   Maximum combinational path delay: No path found

Timing Detail:
--------------
All values displayed in nanoseconds (ns)

=========================================================================
Timing constraint: Default period analysis for Clock 'api/rot_event'
  Clock period: 1.779ns (frequency: 562.114MHz)
  Total number of paths / destination ports: 19 / 19
-------------------------------------------------------------------------
Delay:               1.779ns (Levels of Logic = 0)
  Source:            counter_FSM_FFd4 (FF)
  Destination:       a_3 (FF)
  Source Clock:      api/rot_event rising
  Destination Clock: api/rot_event rising

  Data Path: counter_FSM_FFd4 to a_3
                                Gate     Net
    Cell:in->out      fanout   Delay   Delay  Logical Name (Net Name)
    ----------------------------------------  ------------
     FD:C->Q               5   0.591   0.633  counter_FSM_FFd4 (counter_FSM_FFd4)
     FDE:CE                    0.555          a_3
    ----------------------------------------
    Total                      1.779ns (1.146ns logic, 0.633ns route)
                                       (64.4% logic, 35.6% route)

=========================================================================
Timing constraint: Default OFFSET IN BEFORE for Clock 'api/rot_event'
  Total number of paths / destination ports: 15 / 15
-------------------------------------------------------------------------
Offset:              2.113ns (Levels of Logic = 1)
  Source:            y<0> (PAD)
  Destination:       a_0 (FF)
  Destination Clock: api/rot_event rising

  Data Path: y<0> to a_0
                                Gate     Net
    Cell:in->out      fanout   Delay   Delay  Logical Name (Net Name)
    ----------------------------------------  ------------
     IBUF:I->O             4   1.218   0.587  y_0_IBUF (y_0_IBUF)
     FDE:D                     0.308          a_0
    ----------------------------------------
    Total                      2.113ns (1.526ns logic, 0.587ns route)
                                       (72.2% logic, 27.8% route)

=========================================================================
Timing constraint: Default OFFSET IN BEFORE for Clock 'clk'
  Total number of paths / destination ports: 4 / 2
-------------------------------------------------------------------------
Offset:              3.875ns (Levels of Logic = 2)
  Source:            rota (PAD)
  Destination:       api/rot_event (FF)
  Destination Clock: clk rising

  Data Path: rota to api/rot_event
                                Gate     Net
    Cell:in->out      fanout   Delay   Delay  Logical Name (Net Name)
    ----------------------------------------  ------------
     IBUF:I->O             2   1.218   0.622  rota_IBUF (rota_IBUF)
     LUT2:I0->O            1   0.704   0.420  api/rot_event_and00011 (api/rot_event_not0001_inv)
     FDRE:R                    0.911          api/rot_event
    ----------------------------------------
    Total                      3.875ns (2.833ns logic, 1.042ns route)
                                       (73.1% logic, 26.9% route)

=========================================================================
Timing constraint: Default OFFSET OUT AFTER for Clock 'api/rot_event'
  Total number of paths / destination ports: 104 / 8
-------------------------------------------------------------------------
Offset:              13.054ns (Levels of Logic = 8)
  Source:            op (FF)
  Destination:       o (PAD)
  Source Clock:      api/rot_event rising

  Data Path: op to o
                                Gate     Net
    Cell:in->out      fanout   Delay   Delay  Logical Name (Net Name)
    ----------------------------------------  ------------
     FDE:C->Q             13   0.591   1.062  op (op)
     LUT3:I1->O            2   0.704   0.451  b1/cout1 (cout<0>)
     LUT4:I3->O            2   0.704   0.451  b2/cout1 (cout<1>)
     LUT4:I3->O            2   0.704   0.451  b3/cout1 (cout<2>)
     LUT4:I3->O            2   0.704   0.451  b4/cout1 (cout<3>)
     LUT4:I3->O            2   0.704   0.451  b5/cout1 (cout<4>)
     LUT4:I3->O            2   0.704   0.526  b6/cout1 (cout<5>)
     LUT4:I1->O            1   0.704   0.420  Mxor_o_xor0000_Result1 (o_OBUF)
     OBUF:I->O                 3.272          o_OBUF (o)
    ----------------------------------------
    Total                     13.054ns (8.791ns logic, 4.263ns route)
                                       (67.3% logic, 32.7% route)

=========================================================================


Total REAL time to Xst completion: 14.00 secs
Total CPU time to Xst completion: 6.49 secs
 
--> 


Total memory usage is 516792 kilobytes

Number of errors   :    0 (   0 filtered)
Number of warnings :    0 (   0 filtered)
Number of infos    :    1 (   0 filtered)

