Release 14.7 - xst P.20131013 (lin64)
Copyright (c) 1995-2013 Xilinx, Inc.  All rights reserved.
--> 
Parameter TMPDIR set to xst/projnav.tmp


Total REAL time to Xst completion: 0.00 secs
Total CPU time to Xst completion: 0.09 secs
 
--> 
Parameter xsthdpdir set to xst


Total REAL time to Xst completion: 0.00 secs
Total CPU time to Xst completion: 0.09 secs
 
--> 
Reading design: square_grid.prj

TABLE OF CONTENTS
  1) Synthesis Options Summary
  2) HDL Compilation
  3) Design Hierarchy Analysis
  4) HDL Analysis
  5) HDL Synthesis
     5.1) HDL Synthesis Report
  6) Advanced HDL Synthesis
     6.1) Advanced HDL Synthesis Report
  7) Low Level Synthesis
  8) Partition Report
  9) Final Report
	9.1) Device utilization summary
	9.2) Partition Resource Summary
	9.3) TIMING REPORT


=========================================================================
*                      Synthesis Options Summary                        *
=========================================================================
---- Source Parameters
Input File Name                    : "square_grid.prj"
Input Format                       : mixed
Ignore Synthesis Constraint File   : NO

---- Target Parameters
Output File Name                   : "square_grid"
Output Format                      : NGC
Target Device                      : xc3s500e-4-fg320

---- Source Options
Top Module Name                    : square_grid
Automatic FSM Extraction           : YES
FSM Encoding Algorithm             : Auto
Safe Implementation                : No
FSM Style                          : LUT
RAM Extraction                     : Yes
RAM Style                          : Auto
ROM Extraction                     : Yes
Mux Style                          : Auto
Decoder Extraction                 : YES
Priority Encoder Extraction        : Yes
Shift Register Extraction          : YES
Logical Shifter Extraction         : YES
XOR Collapsing                     : YES
ROM Style                          : Auto
Mux Extraction                     : Yes
Resource Sharing                   : YES
Asynchronous To Synchronous        : NO
Multiplier Style                   : Auto
Automatic Register Balancing       : No

---- Target Options
Add IO Buffers                     : YES
Global Maximum Fanout              : 100000
Add Generic Clock Buffer(BUFG)     : 24
Register Duplication               : YES
Slice Packing                      : YES
Optimize Instantiated Primitives   : NO
Use Clock Enable                   : Yes
Use Synchronous Set                : Yes
Use Synchronous Reset              : Yes
Pack IO Registers into IOBs        : Auto
Equivalent register Removal        : YES

---- General Options
Optimization Goal                  : Speed
Optimization Effort                : 1
Keep Hierarchy                     : No
Netlist Hierarchy                  : As_Optimized
RTL Output                         : Yes
Global Optimization                : AllClockNets
Read Cores                         : YES
Write Timing Constraints           : NO
Cross Clock Analysis               : NO
Hierarchy Separator                : /
Bus Delimiter                      : <>
Case Specifier                     : Maintain
Slice Utilization Ratio            : 100
BRAM Utilization Ratio             : 100
Verilog 2001                       : YES
Auto BRAM Packing                  : NO
Slice Utilization Ratio Delta      : 5

=========================================================================


=========================================================================
*                          HDL Compilation                              *
=========================================================================
Compiling verilog file "square_grid.v" in library work
Module <adder> compiled
Module <rot_shaft_api> compiled
Module <add> compiled
Module <square_grid> compiled
No errors in compilation
Analysis of file <"square_grid.prj"> succeeded.
 

=========================================================================
*                     Design Hierarchy Analysis                         *
=========================================================================
Analyzing hierarchy for module <square_grid> in library <work>.

Analyzing hierarchy for module <rot_shaft_api> in library <work>.

Analyzing hierarchy for module <add> in library <work>.

Analyzing hierarchy for module <adder> in library <work>.


=========================================================================
*                            HDL Analysis                               *
=========================================================================
Analyzing top module <square_grid>.
Module <square_grid> is correct for synthesis.
 
Analyzing module <rot_shaft_api> in library <work>.
Module <rot_shaft_api> is correct for synthesis.
 
Analyzing module <add> in library <work>.
Module <add> is correct for synthesis.
 
Analyzing module <adder> in library <work>.
Module <adder> is correct for synthesis.
 

=========================================================================
*                           HDL Synthesis                               *
=========================================================================

Performing bidirectional port resolution...

Synthesizing Unit <rot_shaft_api>.
    Related source file is "square_grid.v".
    Found 1-bit register for signal <rot_event>.
    Summary:
	inferred   1 D-type flip-flop(s).
Unit <rot_shaft_api> synthesized.


Synthesizing Unit <adder>.
    Related source file is "square_grid.v".
    Found 1-bit xor3 for signal <sum>.
    Found 1-bit xor2 for signal <temp>.
    Summary:
	inferred   1 Xor(s).
Unit <adder> synthesized.


Synthesizing Unit <add>.
    Related source file is "square_grid.v".
WARNING:Xst:646 - Signal <cout<4>> is assigned but never used. This unconnected signal will be trimmed during the optimization process.
Unit <add> synthesized.


Synthesizing Unit <square_grid>.
    Related source file is "square_grid.v".
WARNING:Xst:737 - Found 1-bit latch for signal <led_3>. Latches may be generated from incomplete case or if statements. We do not recommend the use of latches in FPGA/CPLD designs, as they may lead to timing problems.
WARNING:Xst:737 - Found 1-bit latch for signal <led_2>. Latches may be generated from incomplete case or if statements. We do not recommend the use of latches in FPGA/CPLD designs, as they may lead to timing problems.
WARNING:Xst:737 - Found 1-bit latch for signal <led_1>. Latches may be generated from incomplete case or if statements. We do not recommend the use of latches in FPGA/CPLD designs, as they may lead to timing problems.
WARNING:Xst:737 - Found 1-bit latch for signal <led_0>. Latches may be generated from incomplete case or if statements. We do not recommend the use of latches in FPGA/CPLD designs, as they may lead to timing problems.
WARNING:Xst:737 - Found 1-bit latch for signal <led_7>. Latches may be generated from incomplete case or if statements. We do not recommend the use of latches in FPGA/CPLD designs, as they may lead to timing problems.
WARNING:Xst:737 - Found 1-bit latch for signal <led_6>. Latches may be generated from incomplete case or if statements. We do not recommend the use of latches in FPGA/CPLD designs, as they may lead to timing problems.
WARNING:Xst:737 - Found 1-bit latch for signal <led_5>. Latches may be generated from incomplete case or if statements. We do not recommend the use of latches in FPGA/CPLD designs, as they may lead to timing problems.
WARNING:Xst:737 - Found 1-bit latch for signal <led_4>. Latches may be generated from incomplete case or if statements. We do not recommend the use of latches in FPGA/CPLD designs, as they may lead to timing problems.
    Found 4x2-bit ROM for signal <dir$rom0000>.
    Found 1-bit register for signal <flag>.
    Found 1-bit register for signal <flag_o>.
    Found 5-bit register for signal <to_add>.
    Found 5-bit register for signal <x>.
    Found 5-bit register for signal <y>.
    Summary:
	inferred   1 ROM(s).
	inferred  17 D-type flip-flop(s).
Unit <square_grid> synthesized.


=========================================================================
HDL Synthesis Report

Macro Statistics
# ROMs                                                 : 1
 4x2-bit ROM                                           : 1
# Registers                                            : 6
 1-bit register                                        : 3
 5-bit register                                        : 3
# Latches                                              : 8
 1-bit latch                                           : 8
# Xors                                                 : 20
 1-bit xor2                                            : 10
 1-bit xor3                                            : 10

=========================================================================

=========================================================================
*                       Advanced HDL Synthesis                          *
=========================================================================

WARNING:Xst:1710 - FF/Latch <to_add_2> (without init value) has a constant value of 0 in block <square_grid>. This FF/Latch will be trimmed during the optimization process.
WARNING:Xst:1710 - FF/Latch <to_add_3> (without init value) has a constant value of 0 in block <square_grid>. This FF/Latch will be trimmed during the optimization process.
WARNING:Xst:1710 - FF/Latch <to_add_4> (without init value) has a constant value of 0 in block <square_grid>. This FF/Latch will be trimmed during the optimization process.
WARNING:Xst:1710 - FF/Latch <x_4> (without init value) has a constant value of 0 in block <square_grid>. This FF/Latch will be trimmed during the optimization process.
WARNING:Xst:1710 - FF/Latch <y_4> (without init value) has a constant value of 0 in block <square_grid>. This FF/Latch will be trimmed during the optimization process.
WARNING:Xst:2404 -  FFs/Latches <x<4:4>> (without init value) have a constant value of 0 in block <square_grid>.
WARNING:Xst:2404 -  FFs/Latches <y<4:4>> (without init value) have a constant value of 0 in block <square_grid>.
WARNING:Xst:2404 -  FFs/Latches <to_add<4:2>> (without init value) have a constant value of 0 in block <square_grid>.

=========================================================================
Advanced HDL Synthesis Report

Macro Statistics
# ROMs                                                 : 1
 4x2-bit ROM                                           : 1
# Registers                                            : 13
 Flip-Flops                                            : 13
# Latches                                              : 8
 1-bit latch                                           : 8
# Xors                                                 : 20
 1-bit xor2                                            : 10
 1-bit xor3                                            : 10

=========================================================================

=========================================================================
*                         Low Level Synthesis                           *
=========================================================================

Optimizing unit <square_grid> ...

Optimizing unit <add> ...

Mapping all equations...
Building and optimizing final netlist ...
Found area constraint ratio of 100 (+ 5) on block square_grid, actual ratio is 0.
Latch led_7 has been replicated 1 time(s) to handle iob=true attribute.
Latch led_6 has been replicated 1 time(s) to handle iob=true attribute.
Latch led_5 has been replicated 1 time(s) to handle iob=true attribute.
Latch led_4 has been replicated 1 time(s) to handle iob=true attribute.
Latch led_3 has been replicated 1 time(s) to handle iob=true attribute.
Latch led_2 has been replicated 1 time(s) to handle iob=true attribute.
Latch led_1 has been replicated 1 time(s) to handle iob=true attribute.
Latch led_0 has been replicated 1 time(s) to handle iob=true attribute.

Final Macro Processing ...

=========================================================================
Final Register Report

Macro Statistics
# Registers                                            : 13
 Flip-Flops                                            : 13

=========================================================================

=========================================================================
*                           Partition Report                            *
=========================================================================

Partition Implementation Status
-------------------------------

  No Partitions were found in this design.

-------------------------------

=========================================================================
*                            Final Report                               *
=========================================================================
Final Results
RTL Top Level Output File Name     : square_grid.ngr
Top Level Output File Name         : square_grid
Output Format                      : NGC
Optimization Goal                  : Speed
Keep Hierarchy                     : No

Design Statistics
# IOs                              : 15

Cell Usage :
# BELS                             : 23
#      LUT2                        : 2
#      LUT3                        : 6
#      LUT4                        : 12
#      MUXF5                       : 2
#      VCC                         : 1
# FlipFlops/Latches                : 29
#      FD                          : 11
#      FDR                         : 1
#      FDRE                        : 1
#      LD                          : 8
#      LD_1                        : 8
# Clock Buffers                    : 1
#      BUFGP                       : 1
# IO Buffers                       : 14
#      IBUF                        : 6
#      OBUF                        : 8
=========================================================================

Device utilization summary:
---------------------------

Selected Device : 3s500efg320-4 

 Number of Slices:                       14  out of   4656     0%  
 Number of Slice Flip Flops:             18  out of   9312     0%  
 Number of 4 input LUTs:                 20  out of   9312     0%  
 Number of IOs:                          15
 Number of bonded IOBs:                  15  out of    232     6%  
    IOB Flip Flops:                      11
 Number of GCLKs:                         1  out of     24     4%  

---------------------------
Partition Resource Summary:
---------------------------

  No Partitions were found in this design.

---------------------------


=========================================================================
TIMING REPORT

NOTE: THESE TIMING NUMBERS ARE ONLY A SYNTHESIS ESTIMATE.
      FOR ACCURATE TIMING INFORMATION PLEASE REFER TO THE TRACE REPORT
      GENERATED AFTER PLACE-and-ROUTE.

Clock Information:
------------------
-----------------------------------+------------------------+-------+
Clock Signal                       | Clock buffer(FF name)  | Load  |
-----------------------------------+------------------------+-------+
api/rot_event                      | NONE(flag_o)           | 12    |
flag                               | NONE(led_4)            | 16    |
clk                                | BUFGP                  | 1     |
-----------------------------------+------------------------+-------+
INFO:Xst:2169 - HDL ADVISOR - Some clock signals were not automatically buffered by XST with BUFG/BUFR resources. Please use the buffer_type constraint in order to insert these buffers to the clock signals to help prevent skew problems.

Asynchronous Control Signals Information:
----------------------------------------
No asynchronous control signals found in this design

Timing Summary:
---------------
Speed Grade: -4

   Minimum period: No path found
   Minimum input arrival time before clock: 3.875ns
   Maximum output required time after clock: 4.368ns
   Maximum combinational path delay: No path found

Timing Detail:
--------------
All values displayed in nanoseconds (ns)

=========================================================================
Timing constraint: Default OFFSET IN BEFORE for Clock 'api/rot_event'
  Total number of paths / destination ports: 4 / 4
-------------------------------------------------------------------------
Offset:              2.549ns (Levels of Logic = 1)
  Source:            dir<1> (PAD)
  Destination:       flag (FF)
  Destination Clock: api/rot_event rising

  Data Path: dir<1> to flag
                                Gate     Net
    Cell:in->out      fanout   Delay   Delay  Logical Name (Net Name)
    ----------------------------------------  ------------
     IBUF:I->O             1   1.218   0.420  dir_1_IBUF (dir_1_IBUF)
     FDR:R                     0.911          flag
    ----------------------------------------
    Total                      2.549ns (2.129ns logic, 0.420ns route)
                                       (83.5% logic, 16.5% route)

=========================================================================
Timing constraint: Default OFFSET IN BEFORE for Clock 'clk'
  Total number of paths / destination ports: 4 / 2
-------------------------------------------------------------------------
Offset:              3.875ns (Levels of Logic = 2)
  Source:            rota (PAD)
  Destination:       api/rot_event (FF)
  Destination Clock: clk rising

  Data Path: rota to api/rot_event
                                Gate     Net
    Cell:in->out      fanout   Delay   Delay  Logical Name (Net Name)
    ----------------------------------------  ------------
     IBUF:I->O             2   1.218   0.622  rota_IBUF (rota_IBUF)
     LUT2:I0->O            1   0.704   0.420  api/rot_event_and00011 (api/rot_event_not0001_inv)
     FDRE:R                    0.911          api/rot_event
    ----------------------------------------
    Total                      3.875ns (2.833ns logic, 1.042ns route)
                                       (73.1% logic, 26.9% route)

=========================================================================
Timing constraint: Default OFFSET OUT AFTER for Clock 'flag'
  Total number of paths / destination ports: 8 / 8
-------------------------------------------------------------------------
Offset:              4.368ns (Levels of Logic = 1)
  Source:            led_7_1 (LATCH)
  Destination:       led<7> (PAD)
  Source Clock:      flag rising

  Data Path: led_7_1 to led<7>
                                Gate     Net
    Cell:in->out      fanout   Delay   Delay  Logical Name (Net Name)
    ----------------------------------------  ------------
     LD_1:G->Q             1   0.676   0.420  led_7_1 (led_7_1)
     OBUF:I->O                 3.272          led_7_OBUF (led<7>)
    ----------------------------------------
    Total                      4.368ns (3.948ns logic, 0.420ns route)
                                       (90.4% logic, 9.6% route)

=========================================================================


Total REAL time to Xst completion: 8.00 secs
Total CPU time to Xst completion: 7.01 secs
 
--> 


Total memory usage is 516232 kilobytes

Number of errors   :    0 (   0 filtered)
Number of warnings :   17 (   0 filtered)
Number of infos    :    1 (   0 filtered)

