Running: /opt/Xilinx/14.7/ISE_DS/ISE/bin/lin64/unwrapped/fuse -intstyle ise -incremental -lib unisims_ver -lib unimacro_ver -lib xilinxcorelib_ver -o /users/btech/rajkush/Desktop/CS220Labs/Lab1_2/full_adder_schematic/fuller_adder_sch_fuller_adder_sch_sch_tb_isim_beh.exe -prj /users/btech/rajkush/Desktop/CS220Labs/Lab1_2/full_adder_schematic/fuller_adder_sch_fuller_adder_sch_sch_tb_beh.prj work.fuller_adder_sch_fuller_adder_sch_sch_tb work.glbl 
ISim P.20131013 (signature 0xfbc00daa)
Number of CPUs detected in this system: 4
Turning on mult-threading, number of parallel sub-compilation jobs: 8 
Determining compilation order of HDL files
Analyzing Verilog file "/users/btech/rajkush/Desktop/CS220Labs/Lab1_2/full_adder_schematic/myxor.v" into library work
Analyzing Verilog file "/users/btech/rajkush/Desktop/CS220Labs/Lab1_2/full_adder_schematic/fuller_adder_sch.vf" into library work
Analyzing Verilog file "/users/btech/rajkush/Desktop/CS220Labs/Lab1_2/full_adder_schematic/fuller_top.v" into library work
Analyzing Verilog file "/opt/Xilinx/14.7/ISE_DS/ISE//verilog/src/glbl.v" into library work
Starting static elaboration
Completed static elaboration
Fuse Memory Usage: 98808 KB
Fuse CPU Usage: 2510 ms
Compiling module myxor
Compiling module AND2
Compiling module OR3
Compiling module fuller_adder_sch
Compiling module fuller_adder_sch_fuller_adder_sc...
Compiling module glbl
Time Resolution for simulation is 1ps.
Waiting for 1 sub-compilation(s) to finish...
Compiled 6 Verilog Units
Built simulation executable /users/btech/rajkush/Desktop/CS220Labs/Lab1_2/full_adder_schematic/fuller_adder_sch_fuller_adder_sch_sch_tb_isim_beh.exe
Fuse Memory Usage: 659008 KB
Fuse CPU Usage: 2600 ms
GCC CPU Usage: 1770 ms
