--------------------------------------------------------------------------------
Release 14.7 Trace  (lin64)
Copyright (c) 1995-2013 Xilinx, Inc.  All rights reserved.

/opt/Xilinx/14.7/ISE_DS/ISE/bin/lin64/unwrapped/trce -intstyle ise -v 3 -s 4 -n
3 -fastpaths -xml bled.twx bled.ncd -o bled.twr bled.pcf -ucf bled.ucf

Design file:              bled.ncd
Physical constraint file: bled.pcf
Device,package,speed:     xc3s500e,fg320,-4 (PRODUCTION 1.27 2013-10-13)
Report level:             verbose report

Environment Variable      Effect 
--------------------      ------ 
NONE                      No environment variables were set
--------------------------------------------------------------------------------

INFO:Timing:3412 - To improve timing, see the Timing Closure User Guide (UG612).
INFO:Timing:2752 - To get complete path coverage, use the unconstrained paths 
   option. All paths that are not constrained will be reported in the 
   unconstrained paths section(s) of the report.
INFO:Timing:3339 - The clock-to-out numbers in this timing report are based on 
   a 50 Ohm transmission line loading model.  For the details of this model, 
   and for more information on accounting for different loading conditions, 
   please see the device datasheet.
INFO:Timing:3390 - This architecture does not support a default System Jitter 
   value, please add SYSTEM_JITTER constraint to the UCF to modify the Clock 
   Uncertainty calculation.
INFO:Timing:3389 - This architecture does not support 'Discrete Jitter' and 
   'Phase Error' calculations, these terms will be zero in the Clock 
   Uncertainty calculation.  Please make appropriate modification to 
   SYSTEM_JITTER to account for the unsupported Discrete Jitter and Phase 
   Error.

================================================================================
Timing constraint: NET "clk_BUFGP/IBUFG" PERIOD = 20 ns HIGH 50%;
For more information, see Period Analysis in the Timing Closure User Guide (UG612).

 1145 paths analyzed, 96 endpoints analyzed, 0 failing endpoints
 0 timing errors detected. (0 setup errors, 0 hold errors, 0 component switching limit errors)
 Minimum period is   7.162ns.
--------------------------------------------------------------------------------

Paths for end point counter_4 (SLICE_X43Y78.SR), 27 paths
--------------------------------------------------------------------------------
Slack (setup path):     12.838ns (requirement - (data path - clock path skew + uncertainty))
  Source:               counter_5 (FF)
  Destination:          counter_4 (FF)
  Requirement:          20.000ns
  Data Path Delay:      7.162ns (Levels of Logic = 3)
  Clock Path Skew:      0.000ns
  Source Clock:         clk_BUFGP rising at 0.000ns
  Destination Clock:    clk_BUFGP rising at 20.000ns
  Clock Uncertainty:    0.000ns

  Maximum Data Path: counter_5 to counter_4
    Location             Delay type         Delay(ns)  Physical Resource
                                                       Logical Resource(s)
    -------------------------------------------------  -------------------
    SLICE_X43Y78.YQ      Tcko                  0.587   counter<4>
                                                       counter_5
    SLICE_X45Y83.F2      net (fanout=2)        1.023   counter<5>
    SLICE_X45Y83.COUT    Topcyf                1.162   counter_cmp_eq00001_wg_cy<3>
                                                       counter_cmp_eq00001_wg_lut<2>
                                                       counter_cmp_eq00001_wg_cy<2>
                                                       counter_cmp_eq00001_wg_cy<3>
    SLICE_X45Y84.CIN     net (fanout=1)        0.000   counter_cmp_eq00001_wg_cy<3>
    SLICE_X45Y84.XB      Tcinxb                0.404   counter_cmp_eq00001_wg_cy<4>
                                                       counter_cmp_eq00001_wg_cy<4>
    SLICE_X42Y91.F1      net (fanout=2)        0.761   counter_cmp_eq00001_wg_cy<4>
    SLICE_X42Y91.X       Tilo                  0.759   counter_cmp_eq0000
                                                       counter_cmp_eq00001
    SLICE_X43Y78.SR      net (fanout=14)       1.556   counter_cmp_eq0000
    SLICE_X43Y78.CLK     Tsrck                 0.910   counter<4>
                                                       counter_4
    -------------------------------------------------  ---------------------------
    Total                                      7.162ns (3.822ns logic, 3.340ns route)
                                                       (53.4% logic, 46.6% route)

--------------------------------------------------------------------------------
Slack (setup path):     12.885ns (requirement - (data path - clock path skew + uncertainty))
  Source:               counter_9 (FF)
  Destination:          counter_4 (FF)
  Requirement:          20.000ns
  Data Path Delay:      7.112ns (Levels of Logic = 3)
  Clock Path Skew:      -0.003ns (0.002 - 0.005)
  Source Clock:         clk_BUFGP rising at 0.000ns
  Destination Clock:    clk_BUFGP rising at 20.000ns
  Clock Uncertainty:    0.000ns

  Maximum Data Path: counter_9 to counter_4
    Location             Delay type         Delay(ns)  Physical Resource
                                                       Logical Resource(s)
    -------------------------------------------------  -------------------
    SLICE_X43Y80.YQ      Tcko                  0.587   counter<8>
                                                       counter_9
    SLICE_X45Y83.F3      net (fanout=2)        0.973   counter<9>
    SLICE_X45Y83.COUT    Topcyf                1.162   counter_cmp_eq00001_wg_cy<3>
                                                       counter_cmp_eq00001_wg_lut<2>
                                                       counter_cmp_eq00001_wg_cy<2>
                                                       counter_cmp_eq00001_wg_cy<3>
    SLICE_X45Y84.CIN     net (fanout=1)        0.000   counter_cmp_eq00001_wg_cy<3>
    SLICE_X45Y84.XB      Tcinxb                0.404   counter_cmp_eq00001_wg_cy<4>
                                                       counter_cmp_eq00001_wg_cy<4>
    SLICE_X42Y91.F1      net (fanout=2)        0.761   counter_cmp_eq00001_wg_cy<4>
    SLICE_X42Y91.X       Tilo                  0.759   counter_cmp_eq0000
                                                       counter_cmp_eq00001
    SLICE_X43Y78.SR      net (fanout=14)       1.556   counter_cmp_eq0000
    SLICE_X43Y78.CLK     Tsrck                 0.910   counter<4>
                                                       counter_4
    -------------------------------------------------  ---------------------------
    Total                                      7.112ns (3.822ns logic, 3.290ns route)
                                                       (53.7% logic, 46.3% route)

--------------------------------------------------------------------------------
Slack (setup path):     12.915ns (requirement - (data path - clock path skew + uncertainty))
  Source:               counter_3 (FF)
  Destination:          counter_4 (FF)
  Requirement:          20.000ns
  Data Path Delay:      7.085ns (Levels of Logic = 3)
  Clock Path Skew:      0.000ns
  Source Clock:         clk_BUFGP rising at 0.000ns
  Destination Clock:    clk_BUFGP rising at 20.000ns
  Clock Uncertainty:    0.000ns

  Maximum Data Path: counter_3 to counter_4
    Location             Delay type         Delay(ns)  Physical Resource
                                                       Logical Resource(s)
    -------------------------------------------------  -------------------
    SLICE_X43Y77.YQ      Tcko                  0.587   counter<2>
                                                       counter_3
    SLICE_X45Y83.G1      net (fanout=2)        1.107   counter<3>
    SLICE_X45Y83.COUT    Topcyg                1.001   counter_cmp_eq00001_wg_cy<3>
                                                       counter_cmp_eq00001_wg_lut<3>
                                                       counter_cmp_eq00001_wg_cy<3>
    SLICE_X45Y84.CIN     net (fanout=1)        0.000   counter_cmp_eq00001_wg_cy<3>
    SLICE_X45Y84.XB      Tcinxb                0.404   counter_cmp_eq00001_wg_cy<4>
                                                       counter_cmp_eq00001_wg_cy<4>
    SLICE_X42Y91.F1      net (fanout=2)        0.761   counter_cmp_eq00001_wg_cy<4>
    SLICE_X42Y91.X       Tilo                  0.759   counter_cmp_eq0000
                                                       counter_cmp_eq00001
    SLICE_X43Y78.SR      net (fanout=14)       1.556   counter_cmp_eq0000
    SLICE_X43Y78.CLK     Tsrck                 0.910   counter<4>
                                                       counter_4
    -------------------------------------------------  ---------------------------
    Total                                      7.085ns (3.661ns logic, 3.424ns route)
                                                       (51.7% logic, 48.3% route)

--------------------------------------------------------------------------------

Paths for end point counter_5 (SLICE_X43Y78.SR), 27 paths
--------------------------------------------------------------------------------
Slack (setup path):     12.838ns (requirement - (data path - clock path skew + uncertainty))
  Source:               counter_5 (FF)
  Destination:          counter_5 (FF)
  Requirement:          20.000ns
  Data Path Delay:      7.162ns (Levels of Logic = 3)
  Clock Path Skew:      0.000ns
  Source Clock:         clk_BUFGP rising at 0.000ns
  Destination Clock:    clk_BUFGP rising at 20.000ns
  Clock Uncertainty:    0.000ns

  Maximum Data Path: counter_5 to counter_5
    Location             Delay type         Delay(ns)  Physical Resource
                                                       Logical Resource(s)
    -------------------------------------------------  -------------------
    SLICE_X43Y78.YQ      Tcko                  0.587   counter<4>
                                                       counter_5
    SLICE_X45Y83.F2      net (fanout=2)        1.023   counter<5>
    SLICE_X45Y83.COUT    Topcyf                1.162   counter_cmp_eq00001_wg_cy<3>
                                                       counter_cmp_eq00001_wg_lut<2>
                                                       counter_cmp_eq00001_wg_cy<2>
                                                       counter_cmp_eq00001_wg_cy<3>
    SLICE_X45Y84.CIN     net (fanout=1)        0.000   counter_cmp_eq00001_wg_cy<3>
    SLICE_X45Y84.XB      Tcinxb                0.404   counter_cmp_eq00001_wg_cy<4>
                                                       counter_cmp_eq00001_wg_cy<4>
    SLICE_X42Y91.F1      net (fanout=2)        0.761   counter_cmp_eq00001_wg_cy<4>
    SLICE_X42Y91.X       Tilo                  0.759   counter_cmp_eq0000
                                                       counter_cmp_eq00001
    SLICE_X43Y78.SR      net (fanout=14)       1.556   counter_cmp_eq0000
    SLICE_X43Y78.CLK     Tsrck                 0.910   counter<4>
                                                       counter_5
    -------------------------------------------------  ---------------------------
    Total                                      7.162ns (3.822ns logic, 3.340ns route)
                                                       (53.4% logic, 46.6% route)

--------------------------------------------------------------------------------
Slack (setup path):     12.885ns (requirement - (data path - clock path skew + uncertainty))
  Source:               counter_9 (FF)
  Destination:          counter_5 (FF)
  Requirement:          20.000ns
  Data Path Delay:      7.112ns (Levels of Logic = 3)
  Clock Path Skew:      -0.003ns (0.002 - 0.005)
  Source Clock:         clk_BUFGP rising at 0.000ns
  Destination Clock:    clk_BUFGP rising at 20.000ns
  Clock Uncertainty:    0.000ns

  Maximum Data Path: counter_9 to counter_5
    Location             Delay type         Delay(ns)  Physical Resource
                                                       Logical Resource(s)
    -------------------------------------------------  -------------------
    SLICE_X43Y80.YQ      Tcko                  0.587   counter<8>
                                                       counter_9
    SLICE_X45Y83.F3      net (fanout=2)        0.973   counter<9>
    SLICE_X45Y83.COUT    Topcyf                1.162   counter_cmp_eq00001_wg_cy<3>
                                                       counter_cmp_eq00001_wg_lut<2>
                                                       counter_cmp_eq00001_wg_cy<2>
                                                       counter_cmp_eq00001_wg_cy<3>
    SLICE_X45Y84.CIN     net (fanout=1)        0.000   counter_cmp_eq00001_wg_cy<3>
    SLICE_X45Y84.XB      Tcinxb                0.404   counter_cmp_eq00001_wg_cy<4>
                                                       counter_cmp_eq00001_wg_cy<4>
    SLICE_X42Y91.F1      net (fanout=2)        0.761   counter_cmp_eq00001_wg_cy<4>
    SLICE_X42Y91.X       Tilo                  0.759   counter_cmp_eq0000
                                                       counter_cmp_eq00001
    SLICE_X43Y78.SR      net (fanout=14)       1.556   counter_cmp_eq0000
    SLICE_X43Y78.CLK     Tsrck                 0.910   counter<4>
                                                       counter_5
    -------------------------------------------------  ---------------------------
    Total                                      7.112ns (3.822ns logic, 3.290ns route)
                                                       (53.7% logic, 46.3% route)

--------------------------------------------------------------------------------
Slack (setup path):     12.915ns (requirement - (data path - clock path skew + uncertainty))
  Source:               counter_3 (FF)
  Destination:          counter_5 (FF)
  Requirement:          20.000ns
  Data Path Delay:      7.085ns (Levels of Logic = 3)
  Clock Path Skew:      0.000ns
  Source Clock:         clk_BUFGP rising at 0.000ns
  Destination Clock:    clk_BUFGP rising at 20.000ns
  Clock Uncertainty:    0.000ns

  Maximum Data Path: counter_3 to counter_5
    Location             Delay type         Delay(ns)  Physical Resource
                                                       Logical Resource(s)
    -------------------------------------------------  -------------------
    SLICE_X43Y77.YQ      Tcko                  0.587   counter<2>
                                                       counter_3
    SLICE_X45Y83.G1      net (fanout=2)        1.107   counter<3>
    SLICE_X45Y83.COUT    Topcyg                1.001   counter_cmp_eq00001_wg_cy<3>
                                                       counter_cmp_eq00001_wg_lut<3>
                                                       counter_cmp_eq00001_wg_cy<3>
    SLICE_X45Y84.CIN     net (fanout=1)        0.000   counter_cmp_eq00001_wg_cy<3>
    SLICE_X45Y84.XB      Tcinxb                0.404   counter_cmp_eq00001_wg_cy<4>
                                                       counter_cmp_eq00001_wg_cy<4>
    SLICE_X42Y91.F1      net (fanout=2)        0.761   counter_cmp_eq00001_wg_cy<4>
    SLICE_X42Y91.X       Tilo                  0.759   counter_cmp_eq0000
                                                       counter_cmp_eq00001
    SLICE_X43Y78.SR      net (fanout=14)       1.556   counter_cmp_eq0000
    SLICE_X43Y78.CLK     Tsrck                 0.910   counter<4>
                                                       counter_5
    -------------------------------------------------  ---------------------------
    Total                                      7.085ns (3.661ns logic, 3.424ns route)
                                                       (51.7% logic, 48.3% route)

--------------------------------------------------------------------------------

Paths for end point counter_6 (SLICE_X43Y79.SR), 27 paths
--------------------------------------------------------------------------------
Slack (setup path):     12.838ns (requirement - (data path - clock path skew + uncertainty))
  Source:               counter_5 (FF)
  Destination:          counter_6 (FF)
  Requirement:          20.000ns
  Data Path Delay:      7.162ns (Levels of Logic = 3)
  Clock Path Skew:      0.000ns
  Source Clock:         clk_BUFGP rising at 0.000ns
  Destination Clock:    clk_BUFGP rising at 20.000ns
  Clock Uncertainty:    0.000ns

  Maximum Data Path: counter_5 to counter_6
    Location             Delay type         Delay(ns)  Physical Resource
                                                       Logical Resource(s)
    -------------------------------------------------  -------------------
    SLICE_X43Y78.YQ      Tcko                  0.587   counter<4>
                                                       counter_5
    SLICE_X45Y83.F2      net (fanout=2)        1.023   counter<5>
    SLICE_X45Y83.COUT    Topcyf                1.162   counter_cmp_eq00001_wg_cy<3>
                                                       counter_cmp_eq00001_wg_lut<2>
                                                       counter_cmp_eq00001_wg_cy<2>
                                                       counter_cmp_eq00001_wg_cy<3>
    SLICE_X45Y84.CIN     net (fanout=1)        0.000   counter_cmp_eq00001_wg_cy<3>
    SLICE_X45Y84.XB      Tcinxb                0.404   counter_cmp_eq00001_wg_cy<4>
                                                       counter_cmp_eq00001_wg_cy<4>
    SLICE_X42Y91.F1      net (fanout=2)        0.761   counter_cmp_eq00001_wg_cy<4>
    SLICE_X42Y91.X       Tilo                  0.759   counter_cmp_eq0000
                                                       counter_cmp_eq00001
    SLICE_X43Y79.SR      net (fanout=14)       1.556   counter_cmp_eq0000
    SLICE_X43Y79.CLK     Tsrck                 0.910   counter<6>
                                                       counter_6
    -------------------------------------------------  ---------------------------
    Total                                      7.162ns (3.822ns logic, 3.340ns route)
                                                       (53.4% logic, 46.6% route)

--------------------------------------------------------------------------------
Slack (setup path):     12.885ns (requirement - (data path - clock path skew + uncertainty))
  Source:               counter_9 (FF)
  Destination:          counter_6 (FF)
  Requirement:          20.000ns
  Data Path Delay:      7.112ns (Levels of Logic = 3)
  Clock Path Skew:      -0.003ns (0.002 - 0.005)
  Source Clock:         clk_BUFGP rising at 0.000ns
  Destination Clock:    clk_BUFGP rising at 20.000ns
  Clock Uncertainty:    0.000ns

  Maximum Data Path: counter_9 to counter_6
    Location             Delay type         Delay(ns)  Physical Resource
                                                       Logical Resource(s)
    -------------------------------------------------  -------------------
    SLICE_X43Y80.YQ      Tcko                  0.587   counter<8>
                                                       counter_9
    SLICE_X45Y83.F3      net (fanout=2)        0.973   counter<9>
    SLICE_X45Y83.COUT    Topcyf                1.162   counter_cmp_eq00001_wg_cy<3>
                                                       counter_cmp_eq00001_wg_lut<2>
                                                       counter_cmp_eq00001_wg_cy<2>
                                                       counter_cmp_eq00001_wg_cy<3>
    SLICE_X45Y84.CIN     net (fanout=1)        0.000   counter_cmp_eq00001_wg_cy<3>
    SLICE_X45Y84.XB      Tcinxb                0.404   counter_cmp_eq00001_wg_cy<4>
                                                       counter_cmp_eq00001_wg_cy<4>
    SLICE_X42Y91.F1      net (fanout=2)        0.761   counter_cmp_eq00001_wg_cy<4>
    SLICE_X42Y91.X       Tilo                  0.759   counter_cmp_eq0000
                                                       counter_cmp_eq00001
    SLICE_X43Y79.SR      net (fanout=14)       1.556   counter_cmp_eq0000
    SLICE_X43Y79.CLK     Tsrck                 0.910   counter<6>
                                                       counter_6
    -------------------------------------------------  ---------------------------
    Total                                      7.112ns (3.822ns logic, 3.290ns route)
                                                       (53.7% logic, 46.3% route)

--------------------------------------------------------------------------------
Slack (setup path):     12.915ns (requirement - (data path - clock path skew + uncertainty))
  Source:               counter_3 (FF)
  Destination:          counter_6 (FF)
  Requirement:          20.000ns
  Data Path Delay:      7.085ns (Levels of Logic = 3)
  Clock Path Skew:      0.000ns
  Source Clock:         clk_BUFGP rising at 0.000ns
  Destination Clock:    clk_BUFGP rising at 20.000ns
  Clock Uncertainty:    0.000ns

  Maximum Data Path: counter_3 to counter_6
    Location             Delay type         Delay(ns)  Physical Resource
                                                       Logical Resource(s)
    -------------------------------------------------  -------------------
    SLICE_X43Y77.YQ      Tcko                  0.587   counter<2>
                                                       counter_3
    SLICE_X45Y83.G1      net (fanout=2)        1.107   counter<3>
    SLICE_X45Y83.COUT    Topcyg                1.001   counter_cmp_eq00001_wg_cy<3>
                                                       counter_cmp_eq00001_wg_lut<3>
                                                       counter_cmp_eq00001_wg_cy<3>
    SLICE_X45Y84.CIN     net (fanout=1)        0.000   counter_cmp_eq00001_wg_cy<3>
    SLICE_X45Y84.XB      Tcinxb                0.404   counter_cmp_eq00001_wg_cy<4>
                                                       counter_cmp_eq00001_wg_cy<4>
    SLICE_X42Y91.F1      net (fanout=2)        0.761   counter_cmp_eq00001_wg_cy<4>
    SLICE_X42Y91.X       Tilo                  0.759   counter_cmp_eq0000
                                                       counter_cmp_eq00001
    SLICE_X43Y79.SR      net (fanout=14)       1.556   counter_cmp_eq0000
    SLICE_X43Y79.CLK     Tsrck                 0.910   counter<6>
                                                       counter_6
    -------------------------------------------------  ---------------------------
    Total                                      7.085ns (3.661ns logic, 3.424ns route)
                                                       (51.7% logic, 48.3% route)

--------------------------------------------------------------------------------

Hold Paths: NET "clk_BUFGP/IBUFG" PERIOD = 20 ns HIGH 50%;
--------------------------------------------------------------------------------

Paths for end point led (SLICE_X43Y91.F1), 1 path
--------------------------------------------------------------------------------
Slack (hold path):      1.428ns (requirement - (clock path skew + uncertainty - data path))
  Source:               led (FF)
  Destination:          led (FF)
  Requirement:          0.000ns
  Data Path Delay:      1.428ns (Levels of Logic = 1)
  Clock Path Skew:      0.000ns
  Source Clock:         clk_BUFGP rising at 20.000ns
  Destination Clock:    clk_BUFGP rising at 20.000ns
  Clock Uncertainty:    0.000ns

  Minimum Data Path: led to led
    Location             Delay type         Delay(ns)  Physical Resource
                                                       Logical Resource(s)
    -------------------------------------------------  -------------------
    SLICE_X43Y91.XQ      Tcko                  0.473   led_OBUF
                                                       led
    SLICE_X43Y91.F1      net (fanout=2)        0.439   led_OBUF
    SLICE_X43Y91.CLK     Tckf        (-Th)    -0.516   led_OBUF
                                                       led_mux000075
                                                       led
    -------------------------------------------------  ---------------------------
    Total                                      1.428ns (0.989ns logic, 0.439ns route)
                                                       (69.3% logic, 30.7% route)

--------------------------------------------------------------------------------

Paths for end point counter_8 (SLICE_X43Y80.F4), 1 path
--------------------------------------------------------------------------------
Slack (hold path):      1.607ns (requirement - (clock path skew + uncertainty - data path))
  Source:               counter_8 (FF)
  Destination:          counter_8 (FF)
  Requirement:          0.000ns
  Data Path Delay:      1.607ns (Levels of Logic = 1)
  Clock Path Skew:      0.000ns
  Source Clock:         clk_BUFGP rising at 20.000ns
  Destination Clock:    clk_BUFGP rising at 20.000ns
  Clock Uncertainty:    0.000ns

  Minimum Data Path: counter_8 to counter_8
    Location             Delay type         Delay(ns)  Physical Resource
                                                       Logical Resource(s)
    -------------------------------------------------  -------------------
    SLICE_X43Y80.XQ      Tcko                  0.473   counter<8>
                                                       counter_8
    SLICE_X43Y80.F4      net (fanout=2)        0.333   counter<8>
    SLICE_X43Y80.CLK     Tckf        (-Th)    -0.801   counter<8>
                                                       counter<8>_rt
                                                       Mcount_counter_xor<8>
                                                       counter_8
    -------------------------------------------------  ---------------------------
    Total                                      1.607ns (1.274ns logic, 0.333ns route)
                                                       (79.3% logic, 20.7% route)

--------------------------------------------------------------------------------

Paths for end point counter_26 (SLICE_X43Y89.F4), 1 path
--------------------------------------------------------------------------------
Slack (hold path):      1.607ns (requirement - (clock path skew + uncertainty - data path))
  Source:               counter_26 (FF)
  Destination:          counter_26 (FF)
  Requirement:          0.000ns
  Data Path Delay:      1.607ns (Levels of Logic = 1)
  Clock Path Skew:      0.000ns
  Source Clock:         clk_BUFGP rising at 20.000ns
  Destination Clock:    clk_BUFGP rising at 20.000ns
  Clock Uncertainty:    0.000ns

  Minimum Data Path: counter_26 to counter_26
    Location             Delay type         Delay(ns)  Physical Resource
                                                       Logical Resource(s)
    -------------------------------------------------  -------------------
    SLICE_X43Y89.XQ      Tcko                  0.473   counter<26>
                                                       counter_26
    SLICE_X43Y89.F4      net (fanout=2)        0.333   counter<26>
    SLICE_X43Y89.CLK     Tckf        (-Th)    -0.801   counter<26>
                                                       counter<26>_rt
                                                       Mcount_counter_xor<26>
                                                       counter_26
    -------------------------------------------------  ---------------------------
    Total                                      1.607ns (1.274ns logic, 0.333ns route)
                                                       (79.3% logic, 20.7% route)

--------------------------------------------------------------------------------

Component Switching Limit Checks: NET "clk_BUFGP/IBUFG" PERIOD = 20 ns HIGH 50%;
--------------------------------------------------------------------------------
Slack: 18.404ns (period - (min low pulse limit / (low pulse / period)))
  Period: 20.000ns
  Low pulse: 10.000ns
  Low pulse limit: 0.798ns (Tcl)
  Physical resource: counter<0>/CLK
  Logical resource: counter_0/CK
  Location pin: SLICE_X43Y76.CLK
  Clock network: clk_BUFGP
--------------------------------------------------------------------------------
Slack: 18.404ns (period - (min high pulse limit / (high pulse / period)))
  Period: 20.000ns
  High pulse: 10.000ns
  High pulse limit: 0.798ns (Tch)
  Physical resource: counter<0>/CLK
  Logical resource: counter_0/CK
  Location pin: SLICE_X43Y76.CLK
  Clock network: clk_BUFGP
--------------------------------------------------------------------------------
Slack: 18.404ns (period - min period limit)
  Period: 20.000ns
  Min period limit: 1.596ns (626.566MHz) (Tcp)
  Physical resource: counter<0>/CLK
  Logical resource: counter_0/CK
  Location pin: SLICE_X43Y76.CLK
  Clock network: clk_BUFGP
--------------------------------------------------------------------------------


All constraints were met.


Data Sheet report:
-----------------
All values displayed in nanoseconds (ns)

Clock to Setup on destination clock clk
---------------+---------+---------+---------+---------+
               | Src:Rise| Src:Fall| Src:Rise| Src:Fall|
Source Clock   |Dest:Rise|Dest:Rise|Dest:Fall|Dest:Fall|
---------------+---------+---------+---------+---------+
clk            |    7.162|         |         |         |
---------------+---------+---------+---------+---------+


Timing summary:
---------------

Timing errors: 0  Score: 0  (Setup/Max: 0, Hold: 0)

Constraints cover 1145 paths, 0 nets, and 119 connections

Design statistics:
   Minimum period:   7.162ns{1}   (Maximum frequency: 139.626MHz)


------------------------------------Footnotes-----------------------------------
1)  The minimum period statistic assumes all single cycle delays.

Analysis completed Wed Feb 14 15:29:59 2018 
--------------------------------------------------------------------------------

Trace Settings:
-------------------------
Trace Settings 

Peak Memory Usage: 358 MB



