#-----------------------------------------------------------
# PlanAhead v14.7 (64-bit)
# Build 321239 by xbuild on Fri Sep 27 19:24:36 MDT 2013
# Start of session at: Wed Jan 17 15:29:53 2018
# Process ID: 3565
# Log file: /users/btech/rajkush/Desktop/CS220Labs/Lab1_1/full_adder/planAhead_run_2/planAhead.log
# Journal file: /users/btech/rajkush/Desktop/CS220Labs/Lab1_1/full_adder/planAhead_run_2/planAhead.jou
#-----------------------------------------------------------
INFO: [Common 17-78] Attempting to get a license: PlanAhead
INFO: [Common 17-290] Got license for PlanAhead
INFO: [Device 21-36] Loading parts and site information from /opt/Xilinx/14.7/ISE_DS/PlanAhead/data/parts/arch.xml
Parsing RTL primitives file [/opt/Xilinx/14.7/ISE_DS/PlanAhead/data/parts/xilinx/rtl/prims/rtl_prims.xml]
Finished parsing RTL primitives file [/opt/Xilinx/14.7/ISE_DS/PlanAhead/data/parts/xilinx/rtl/prims/rtl_prims.xml]
start_gui
source /users/btech/rajkush/Desktop/CS220Labs/Lab1_1/full_adder/pa.fromHdl.tcl
# create_project -name full_adder -dir "/users/btech/rajkush/Desktop/CS220Labs/Lab1_1/full_adder/planAhead_run_2" -part xc3s500efg320-4
ERROR: [Common 17-53] User Exception: Project already exists on disk, please use '-force' option to overwrite: 
     /users/btech/rajkush/Desktop/CS220Labs/Lab1_1/full_adder/planAhead_run_2/full_adder.ppr
     /users/btech/rajkush/Desktop/CS220Labs/Lab1_1/full_adder/planAhead_run_2/full_adder.data

    while executing
"create_project -name full_adder -dir "/users/btech/rajkush/Desktop/CS220Labs/Lab1_1/full_adder/planAhead_run_2" -part xc3s500efg320-4"
    (file "/users/btech/rajkush/Desktop/CS220Labs/Lab1_1/full_adder/pa.fromHdl.tcl" line 4)
exit
INFO: [Common 17-206] Exiting PlanAhead at Wed Jan 17 15:31:32 2018...
INFO: [Common 17-83] Releasing license: PlanAhead
